<?xml version="1.0" encoding="UTF-8"?>
<testsuite name="com.heitor.softwareEngineering.SoftwareEngineeringApplicationTests" tests="1" skipped="0" failures="0" errors="0" timestamp="2023-10-30T20:51:04" hostname="MacBook-Pro-de-Heitor.local" time="0.564">
  <properties/>
  <testcase name="contextLoads()" classname="com.heitor.softwareEngineering.SoftwareEngineeringApplicationTests" time="0.564"/>
  <system-out><![CDATA[17:51:02.460 [Test worker] INFO org.springframework.test.context.support.AnnotationConfigContextLoaderUtils -- Could not detect default configuration classes for test class [com.heitor.softwareEngineering.SoftwareEngineeringApplicationTests]: SoftwareEngineeringApplicationTests does not declare any static, non-private, non-final, nested classes annotated with @Configuration.
17:51:02.540 [Test worker] INFO org.springframework.boot.test.context.SpringBootTestContextBootstrapper -- Found @SpringBootConfiguration com.heitor.softwareEngineering.SoftwareEngineeringApplication for test class com.heitor.softwareEngineering.SoftwareEngineeringApplicationTests

  .   ____          _            __ _ _
 /\\ / ___'_ __ _ _(_)_ __  __ _ \ \ \ \
( ( )\___ | '_ | '_| | '_ \/ _` | \ \ \ \
 \\/  ___)| |_)| | | | | || (_| |  ) ) ) )
  '  |____| .__|_| |_|_| |_\__, | / / / /
 =========|_|==============|___/=/_/_/_/
 :: Spring Boot ::                (v3.1.5)

2023-10-30T17:51:02.860-03:00  INFO 37942 --- [    Test worker] .h.s.SoftwareEngineeringApplicationTests : Starting SoftwareEngineeringApplicationTests using Java 17.0.9 with PID 37942 (started by hpc in /Users/hpc/Developer/Software-Engineering-2)
2023-10-30T17:51:02.861-03:00  INFO 37942 --- [    Test worker] .h.s.SoftwareEngineeringApplicationTests : No active profile set, falling back to 1 default profile: "default"
2023-10-30T17:51:03.343-03:00  INFO 37942 --- [    Test worker] .s.d.r.c.RepositoryConfigurationDelegate : Bootstrapping Spring Data JPA repositories in DEFAULT mode.
2023-10-30T17:51:03.359-03:00  INFO 37942 --- [    Test worker] .s.d.r.c.RepositoryConfigurationDelegate : Finished Spring Data repository scanning in 9 ms. Found 0 JPA repository interfaces.
2023-10-30T17:51:03.665-03:00  INFO 37942 --- [    Test worker] o.f.c.internal.license.VersionPrinter    : Flyway Community Edition 9.16.3 by Redgate
2023-10-30T17:51:03.665-03:00  INFO 37942 --- [    Test worker] o.f.c.internal.license.VersionPrinter    : See release notes here: https://rd.gt/416ObMi
2023-10-30T17:51:03.666-03:00  INFO 37942 --- [    Test worker] o.f.c.internal.license.VersionPrinter    : 
2023-10-30T17:51:03.673-03:00  INFO 37942 --- [    Test worker] com.zaxxer.hikari.HikariDataSource       : HikariPool-1 - Starting...
2023-10-30T17:51:03.791-03:00  INFO 37942 --- [    Test worker] com.zaxxer.hikari.pool.HikariPool        : HikariPool-1 - Added connection org.postgresql.jdbc.PgConnection@1e225820
2023-10-30T17:51:03.792-03:00  INFO 37942 --- [    Test worker] com.zaxxer.hikari.HikariDataSource       : HikariPool-1 - Start completed.
2023-10-30T17:51:03.807-03:00  INFO 37942 --- [    Test worker] o.f.c.i.database.base.BaseDatabaseType   : Database: jdbc:postgresql://localhost:5432/softwareengineering (PostgreSQL 14.9)
2023-10-30T17:51:03.854-03:00  INFO 37942 --- [    Test worker] o.f.c.i.s.JdbcTableSchemaHistory         : Schema history table "public"."flyway_schema_history" does not exist yet
2023-10-30T17:51:03.873-03:00  INFO 37942 --- [    Test worker] o.f.core.internal.command.DbValidate     : Successfully validated 1 migration (execution time 00:00.031s)
2023-10-30T17:51:03.894-03:00  INFO 37942 --- [    Test worker] o.f.c.i.s.JdbcTableSchemaHistory         : Creating Schema History table "public"."flyway_schema_history" ...
2023-10-30T17:51:03.985-03:00  INFO 37942 --- [    Test worker] o.f.core.internal.command.DbMigrate      : Current version of schema "public": << Empty Schema >>
2023-10-30T17:51:03.990-03:00  INFO 37942 --- [    Test worker] o.f.core.internal.command.DbMigrate      : Migrating schema "public" to version "1 - create-table-Users"
2023-10-30T17:51:04.029-03:00  INFO 37942 --- [    Test worker] o.f.core.internal.command.DbMigrate      : Successfully applied 1 migration to schema "public", now at version v1 (execution time 00:00.049s)
2023-10-30T17:51:04.086-03:00  INFO 37942 --- [    Test worker] o.hibernate.jpa.internal.util.LogHelper  : HHH000204: Processing PersistenceUnitInfo [name: default]
2023-10-30T17:51:04.120-03:00  INFO 37942 --- [    Test worker] org.hibernate.Version                    : HHH000412: Hibernate ORM core version 6.2.13.Final
2023-10-30T17:51:04.121-03:00  INFO 37942 --- [    Test worker] org.hibernate.cfg.Environment            : HHH000406: Using bytecode reflection optimizer
2023-10-30T17:51:04.302-03:00  INFO 37942 --- [    Test worker] o.s.o.j.p.SpringPersistenceUnitInfo      : No LoadTimeWeaver setup: ignoring JPA class transformer
2023-10-30T17:51:04.337-03:00  WARN 37942 --- [    Test worker] org.hibernate.orm.deprecation            : HHH90000025: PostgreSQLDialect does not need to be specified explicitly using 'hibernate.dialect' (remove the property setting and it will be selected by default)
2023-10-30T17:51:04.530-03:00  INFO 37942 --- [    Test worker] o.h.e.t.j.p.i.JtaPlatformInitiator       : HHH000489: No JTA platform available (set 'hibernate.transaction.jta.platform' to enable JTA platform integration)
2023-10-30T17:51:04.533-03:00  INFO 37942 --- [    Test worker] j.LocalContainerEntityManagerFactoryBean : Initialized JPA EntityManagerFactory for persistence unit 'default'
2023-10-30T17:51:04.622-03:00  WARN 37942 --- [    Test worker] JpaBaseConfiguration$JpaWebConfiguration : spring.jpa.open-in-view is enabled by default. Therefore, database queries may be performed during view rendering. Explicitly configure spring.jpa.open-in-view to disable this warning
2023-10-30T17:51:04.875-03:00  INFO 37942 --- [    Test worker] .h.s.SoftwareEngineeringApplicationTests : Started SoftwareEngineeringApplicationTests in 2.224 seconds (process running for 3.197)
]]></system-out>
  <system-err><![CDATA[]]></system-err>
</testsuite>
