<?xml version="1.0" encoding="UTF-8"?>
<testsuite name="com.heitor.softwareEngineering.SoftwareEngineeringApplicationTests" tests="1" skipped="0" failures="0" errors="0" timestamp="2023-11-01T21:41:13" hostname="MacBook-Pro-de-Heitor.local" time="0.569">
  <properties/>
  <testcase name="contextLoads()" classname="com.heitor.softwareEngineering.SoftwareEngineeringApplicationTests" time="0.569"/>
  <system-out><![CDATA[18:41:10.673 [Test worker] INFO org.springframework.test.context.support.AnnotationConfigContextLoaderUtils -- Could not detect default configuration classes for test class [com.heitor.softwareEngineering.SoftwareEngineeringApplicationTests]: SoftwareEngineeringApplicationTests does not declare any static, non-private, non-final, nested classes annotated with @Configuration.
18:41:10.751 [Test worker] INFO org.springframework.boot.test.context.SpringBootTestContextBootstrapper -- Found @SpringBootConfiguration com.heitor.softwareEngineering.SoftwareEngineeringApplication for test class com.heitor.softwareEngineering.SoftwareEngineeringApplicationTests

  .   ____          _            __ _ _
 /\\ / ___'_ __ _ _(_)_ __  __ _ \ \ \ \
( ( )\___ | '_ | '_| | '_ \/ _` | \ \ \ \
 \\/  ___)| |_)| | | | | || (_| |  ) ) ) )
  '  |____| .__|_| |_|_| |_\__, | / / / /
 =========|_|==============|___/=/_/_/_/
 :: Spring Boot ::                (v3.1.5)

2023-11-01T18:41:11.013-03:00  INFO 14161 --- [    Test worker] .h.s.SoftwareEngineeringApplicationTests : Starting SoftwareEngineeringApplicationTests using Java 17.0.9 with PID 14161 (started by hpc in /Users/hpc/Developer/Software-Engineering-2)
2023-11-01T18:41:11.014-03:00  INFO 14161 --- [    Test worker] .h.s.SoftwareEngineeringApplicationTests : No active profile set, falling back to 1 default profile: "default"
2023-11-01T18:41:11.477-03:00  INFO 14161 --- [    Test worker] .s.d.r.c.RepositoryConfigurationDelegate : Bootstrapping Spring Data JPA repositories in DEFAULT mode.
2023-11-01T18:41:11.524-03:00  INFO 14161 --- [    Test worker] .s.d.r.c.RepositoryConfigurationDelegate : Finished Spring Data repository scanning in 41 ms. Found 1 JPA repository interfaces.
2023-11-01T18:41:11.850-03:00  INFO 14161 --- [    Test worker] o.f.c.internal.license.VersionPrinter    : Flyway Community Edition 9.16.3 by Redgate
2023-11-01T18:41:11.851-03:00  INFO 14161 --- [    Test worker] o.f.c.internal.license.VersionPrinter    : See release notes here: https://rd.gt/416ObMi
2023-11-01T18:41:11.851-03:00  INFO 14161 --- [    Test worker] o.f.c.internal.license.VersionPrinter    : 
2023-11-01T18:41:11.859-03:00  INFO 14161 --- [    Test worker] com.zaxxer.hikari.HikariDataSource       : HikariPool-1 - Starting...
2023-11-01T18:41:12.007-03:00  INFO 14161 --- [    Test worker] com.zaxxer.hikari.pool.HikariPool        : HikariPool-1 - Added connection org.postgresql.jdbc.PgConnection@3cc79c02
2023-11-01T18:41:12.009-03:00  INFO 14161 --- [    Test worker] com.zaxxer.hikari.HikariDataSource       : HikariPool-1 - Start completed.
2023-11-01T18:41:12.036-03:00  INFO 14161 --- [    Test worker] o.f.c.i.database.base.BaseDatabaseType   : Database: jdbc:postgresql://localhost:5432/softwareengineering (PostgreSQL 14.9)
2023-11-01T18:41:12.125-03:00  INFO 14161 --- [    Test worker] o.f.core.internal.command.DbValidate     : Successfully validated 1 migration (execution time 00:00.043s)
2023-11-01T18:41:12.140-03:00  INFO 14161 --- [    Test worker] o.f.core.internal.command.DbMigrate      : Current version of schema "public": 1
2023-11-01T18:41:12.141-03:00  INFO 14161 --- [    Test worker] o.f.core.internal.command.DbMigrate      : Schema "public" is up to date. No migration necessary.
2023-11-01T18:41:12.218-03:00  INFO 14161 --- [    Test worker] o.hibernate.jpa.internal.util.LogHelper  : HHH000204: Processing PersistenceUnitInfo [name: default]
2023-11-01T18:41:12.260-03:00  INFO 14161 --- [    Test worker] org.hibernate.Version                    : HHH000412: Hibernate ORM core version 6.2.13.Final
2023-11-01T18:41:12.262-03:00  INFO 14161 --- [    Test worker] org.hibernate.cfg.Environment            : HHH000406: Using bytecode reflection optimizer
2023-11-01T18:41:12.579-03:00  INFO 14161 --- [    Test worker] o.s.o.j.p.SpringPersistenceUnitInfo      : No LoadTimeWeaver setup: ignoring JPA class transformer
2023-11-01T18:41:12.637-03:00  WARN 14161 --- [    Test worker] org.hibernate.orm.deprecation            : HHH90000025: PostgreSQLDialect does not need to be specified explicitly using 'hibernate.dialect' (remove the property setting and it will be selected by default)
2023-11-01T18:41:13.250-03:00  INFO 14161 --- [    Test worker] o.h.e.t.j.p.i.JtaPlatformInitiator       : HHH000489: No JTA platform available (set 'hibernate.transaction.jta.platform' to enable JTA platform integration)
2023-11-01T18:41:13.354-03:00  INFO 14161 --- [    Test worker] j.LocalContainerEntityManagerFactoryBean : Initialized JPA EntityManagerFactory for persistence unit 'default'
2023-11-01T18:41:13.627-03:00  WARN 14161 --- [    Test worker] JpaBaseConfiguration$JpaWebConfiguration : spring.jpa.open-in-view is enabled by default. Therefore, database queries may be performed during view rendering. Explicitly configure spring.jpa.open-in-view to disable this warning
2023-11-01T18:41:13.893-03:00  INFO 14161 --- [    Test worker] .h.s.SoftwareEngineeringApplicationTests : Started SoftwareEngineeringApplicationTests in 3.041 seconds (process running for 3.839)
]]></system-out>
  <system-err><![CDATA[]]></system-err>
</testsuite>
